<?xml version="1.0" encoding="UTF-8"?>
<testsuite name="io.github.gmvalentino8.tests.CommonTestA" tests="1" skipped="0" failures="0" errors="0" timestamp="2022-02-22T05:30:44" hostname="LAB-N2007.toshima.ne.jp" time="0.14">
  <properties/>
  <testcase name="testExample" classname="io.github.gmvalentino8.tests.CommonTestA" time="0.14"/>
  <system-out><![CDATA[]]></system-out>
  <system-err><![CDATA[]]></system-err>
</testsuite>
