<?xml version="1.0" encoding="UTF-8"?>
<testsuite name="io.github.gmvalentino8.tests.AndroidTestB" tests="1" skipped="0" failures="0" errors="0" timestamp="2022-02-22T06:06:41" hostname="LAB-N2007.toshima.ne.jp" time="0.0">
  <properties/>
  <testcase name="testExample" classname="io.github.gmvalentino8.tests.AndroidTestB" time="0.0"/>
  <system-out><![CDATA[]]></system-out>
  <system-err><![CDATA[]]></system-err>
</testsuite>
