<?xml version="1.0" encoding="UTF-8"?>
<testsuite name="IosGreetingTest" tests="1" skipped="0" failures="0" errors="0" timestamp="2022-02-17T02:15:33" hostname="LAB-N2007.local" time="0.01">
  <properties/>
  <testcase name="testExample[iosX64]" classname="io.github.gmvalentino.moduleA.IosGreetingTest" time="0.01"/>
  <system-out><![CDATA[]]></system-out>
  <system-err><![CDATA[]]></system-err>
</testsuite>
